[ 2024-05-30 15:11:29,195 ] 72 root - INFO - App Started running...
[ 2024-05-30 15:11:29,202 ] 109 root - INFO - Submitted result Successfully
[ 2024-05-30 15:11:31,499 ] 72 root - INFO - App Started running...
[ 2024-05-30 15:11:31,506 ] 109 root - INFO - Submitted result Successfully
[ 2024-05-30 15:11:31,766 ] 72 root - INFO - App Started running...
[ 2024-05-30 15:11:31,776 ] 109 root - INFO - Submitted result Successfully
[ 2024-05-30 15:11:32,014 ] 94 root - INFO - frequency encoding() from Pipes class ran successfully
[ 2024-05-30 15:11:32,016 ] 94 root - INFO - frequency encoding() from Pipes class ran successfully
[ 2024-05-30 15:11:32,016 ] 115 root - INFO - road_traffic_density() from Pipe class ran successfully
[ 2024-05-30 15:11:32,027 ] 115 root - INFO - road_traffic_density() from Pipe class ran successfully
[ 2024-05-30 15:11:32,027 ] 137 root - INFO - Type_of_vehicle() from Pipe class ran successfully
[ 2024-05-30 15:11:32,028 ] 137 root - INFO - Type_of_vehicle() from Pipe class ran successfully
[ 2024-05-30 15:11:32,119 ] 30 root - INFO - Prediction_Pipeline.py ran successfully
[ 2024-05-30 15:11:32,120 ] 30 root - INFO - Prediction_Pipeline.py ran successfully
[ 2024-05-30 15:11:36,199 ] 72 root - INFO - App Started running...
[ 2024-05-30 15:11:36,215 ] 109 root - INFO - Submitted result Successfully
[ 2024-05-30 15:11:38,195 ] 72 root - INFO - App Started running...
[ 2024-05-30 15:11:38,212 ] 109 root - INFO - Submitted result Successfully
[ 2024-05-30 15:11:38,259 ] 94 root - INFO - frequency encoding() from Pipes class ran successfully
[ 2024-05-30 15:11:38,260 ] 115 root - INFO - road_traffic_density() from Pipe class ran successfully
[ 2024-05-30 15:11:38,261 ] 137 root - INFO - Type_of_vehicle() from Pipe class ran successfully
[ 2024-05-30 15:11:38,266 ] 30 root - INFO - Prediction_Pipeline.py ran successfully
[ 2024-05-30 15:11:42,535 ] 72 root - INFO - App Started running...
[ 2024-05-30 15:11:42,554 ] 109 root - INFO - Submitted result Successfully
[ 2024-05-30 15:11:51,346 ] 72 root - INFO - App Started running...
[ 2024-05-30 15:11:51,356 ] 109 root - INFO - Submitted result Successfully
[ 2024-05-30 15:11:52,339 ] 72 root - INFO - App Started running...
[ 2024-05-30 15:11:52,345 ] 109 root - INFO - Submitted result Successfully
